0000                             ; Hello World
0000                             ; 
0000                             ; For the Glitch Works R6501Q board.
0000                             ; Jim McClanahan W4JBM, Oct 2020
0000                             ;Define some constants
0000                CR:       =   $0D   
0000                LF:       =   $0A   
0000                             ;Page Zero pointers to null terminated message
0000                MSGL:     =   $4B   
0000                MSGH:     =   $4C   
0000                             ;Subroutine to print null terminated message
0000                SHWMSG:   =   $FE45   
0000                             ; 
0200                          .ORG   $200   
0200   A9 0C        HW:       LDA   #<HWMSG   
0202   85 4B                  STA   MSGL   
0204   A9 02                  LDA   #>HWMSG   
0206   85 4C                  STA   MSGH   
0208   20 45 FE               JSR   SHWMSG   
020B   60                     RTS      
020C   0D 0A 48 65 6C 6C 6F 20 57 6F 72 6C 64 21 21 21 0D 0A 00 HWMSG:   DB   CR,LF,"Hello World!!!",CR,LF,$00   


CR:                 000D DEFINED AT LINE 7
                    > USED AT LINE 27
LF:                 000A DEFINED AT LINE 8
                    > USED AT LINE 27
MSGL:               004B DEFINED AT LINE 11
                    > USED AT LINE 21
MSGH:               004C DEFINED AT LINE 12
                    > USED AT LINE 23
SHWMSG:             FE45 DEFINED AT LINE 15
                    > USED AT LINE 24
HW:                 0200 DEFINED AT LINE 20
HWMSG:              020C DEFINED AT LINE 27
